<?xml version="1.0" encoding="UTF-8"?>
<testsuite name="dev.lamp.servicetests.ManagerServiceTests" tests="4" skipped="0" failures="0" errors="0" timestamp="2021-03-15T00:01:21" hostname="MORAEDIFEX" time="0.064">
  <properties/>
  <testcase name="login_manager()" classname="dev.lamp.servicetests.ManagerServiceTests" time="0.045"/>
  <testcase name="get_all_expenses()" classname="dev.lamp.servicetests.ManagerServiceTests" time="0.002"/>
  <testcase name="get_expense_by_status()" classname="dev.lamp.servicetests.ManagerServiceTests" time="0.005"/>
  <testcase name="update_expense_by_status()" classname="dev.lamp.servicetests.ManagerServiceTests" time="0.006"/>
  <system-out><![CDATA[]]></system-out>
  <system-err><![CDATA[]]></system-err>
</testsuite>
